{"name": "TC015 - Testing the **Passwords do not match** text", "status": "broken", "statusDetails": {"message": "selenium.common.exceptions.TimeoutException: Message: \nStacktrace:\n\tGetHandleVerifier [0x0x7ff6d59c3865+25605]\n\t(No symbol) [0x0x7ff6d5913970]\n\tMicrosoft::Applications::Events::EventProperty::to_string [0x0x7ff6d5c46e7a+1962506]\n\t(No symbol) [0x0x7ff6d57286c4]\n\t(No symbol) [0x0x7ff6d572898b]\n\t(No symbol) [0x0x7ff6d5769af7]\n\t(No symbol) [0x0x7ff6d5749e8f]\n\t(No symbol) [0x0x7ff6d571ea5d]\n\t(No symbol) [0x0x7ff6d57675df]\n\t(No symbol) [0x0x7ff6d5749bb3]\n\t(No symbol) [0x0x7ff6d571df56]\n\t(No symbol) [0x0x7ff6d571d463]\n\t(No symbol) [0x0x7ff6d571dd83]\n\t(No symbol) [0x0x7ff6d581e10d]\n\t(No symbol) [0x0x7ff6d582dce8]\n\tMicrosoft::Applications::Events::EventProperty::to_string [0x0x7ff6d5aa8839+265161]\n\tMicrosoft::Applications::Events::EventProperty::to_string [0x0x7ff6d5ab0111+296097]\n\t(No symbol) [0x0x7ff6d5922111]\n\t(No symbol) [0x0x7ff6d591a5b4]\n\t(No symbol) [0x0x7ff6d591a703]\n\t(No symbol) [0x0x7ff6d590b8d6]\n\tBaseThreadInitThunk [0x0x7ff920ece8d7+23]\n\tRtlUserThreadStart [0x0x7ff92209c34c+44]", "trace": "setup = <selenium.webdriver.edge.webdriver.WebDriver (session=\"a99f02603c1f9aa55d0ba55bcabd8250\")>\n\n    @allure.feature(\"XEED_Ventures_Login_Page\")\n    @allure.title(\"TC015 - Testing the **Passwords do not match** text\")\n    @allure.description(\"\"\"\n    **Test Type**\n    Functional and cross-browser testing\n    \n    **Test Scenario**\n    Entering the email, new password but entering different password in confirm password field and waiting till the **Passwords do not match text**\n    \n    **Input data**\n    Email: Sk12@gmail.com\n    New Password: cpktnwt\n    Confirm Password: chethan\n    \n    **Test passes if**\n    The **Valid email is required** text is displayed.\n    \"\"\")\n    \n    def test_suite(setup):\n        driver = setup\n        wait = WebDriverWait(driver, 10)\n    \n        with allure.step(\"Login Page is opened\"):\n            driver.get(\"http://157.15.202.244:99/authentication/login\")\n    \n        with allure.step(\"Clicking on 'Forgot Password?' link\"):\n            element = wait.until(EC.element_to_be_clickable((By.XPATH, \"//a[normalize-space()='Forgot Password?']\")))\n            element.click()\n    \n        with allure.step(\"Entering the Email\"):\n            element = wait.until(EC.element_to_be_clickable((By.XPATH, \"//input[@formcontrolname='email']\")))\n            element.click()\n            element.send_keys(\"Sk12@gmail.com\")\n    \n        with allure.step(\"Entering the NewPassword\"):\n            element = wait.until(EC.element_to_be_clickable((By.XPATH, \"//input[@formcontrolname='newPassword']\")))\n            element.click()\n            element.send_keys(\"cpktnwt\")\n    \n        with allure.step(\"Entering the password in Confirm Password field\"):\n            element = wait.until(EC.element_to_be_clickable((By.XPATH, \"//input[@formcontrolname='confirmPassword']\")))\n            element.click()\n            element.send_keys(\"chethan\")\n    \n        with allure.step(\"Validating 'Passwords do not match' error is shown\"):\n>           element = wait.until(EC.visibility_of_element_located((By.XPATH, \"//div[@class='error ng-star-inserted']\")))\n\nXeed_Login_Page\\Test_TC014.py:52: \n_ _ _ _ _ _ _ _ _ _ _ _ _ _ _ _ _ _ _ _ _ _ _ _ _ _ _ _ _ _ _ _ _ _ _ _ _ _ _ _ _ _ _ _ _ _ _ _ _ _ _ _ _ _ _ _ _ _ _ _ _ _ _ _ _ _ _ _ _ _ _ _ _ _ _ _ _ _ _ _ _ _ _ _ _ _ _ _ _ _ _ _\n\nself = <selenium.webdriver.support.wait.WebDriverWait (session=\"a99f02603c1f9aa55d0ba55bcabd8250\")>\nmethod = <function visibility_of_element_located.<locals>._predicate at 0x000001B388EAD300>, message = ''\n\n    def until(self, method: Callable[[D], Union[Literal[False], T]], message: str = \"\") -> T:\n        \"\"\"Wait until the method returns a value that is not False.\n    \n        Calls the method provided with the driver as an argument until the\n        return value does not evaluate to ``False``.\n    \n        Parameters:\n        -----------\n        method: callable(WebDriver)\n            - A callable object that takes a WebDriver instance as an argument.\n    \n        message: str\n            - Optional message for :exc:`TimeoutException`\n    \n        Return:\n        -------\n        object: T\n            - The result of the last call to `method`\n    \n        Raises:\n        -------\n        TimeoutException\n            - If 'method' does not return a truthy value within the WebDriverWait\n            object's timeout\n    \n        Example:\n        --------\n        >>> from selenium.webdriver.common.by import By\n        >>> from selenium.webdriver.support.ui import WebDriverWait\n        >>> from selenium.webdriver.support import expected_conditions as EC\n    \n        # Wait until an element is visible on the page\n        >>> wait = WebDriverWait(driver, 10)\n        >>> element = wait.until(EC.visibility_of_element_located((By.ID, \"exampleId\")))\n        >>> print(element.text)\n        \"\"\"\n        screen = None\n        stacktrace = None\n    \n        end_time = time.monotonic() + self._timeout\n        while True:\n            try:\n                value = method(self._driver)\n                if value:\n                    return value\n            except self._ignored_exceptions as exc:\n                screen = getattr(exc, \"screen\", None)\n                stacktrace = getattr(exc, \"stacktrace\", None)\n            if time.monotonic() > end_time:\n                break\n            time.sleep(self._poll)\n>       raise TimeoutException(message, screen, stacktrace)\nE       selenium.common.exceptions.TimeoutException: Message: \nE       Stacktrace:\nE       \tGetHandleVerifier [0x0x7ff6d59c3865+25605]\nE       \t(No symbol) [0x0x7ff6d5913970]\nE       \tMicrosoft::Applications::Events::EventProperty::to_string [0x0x7ff6d5c46e7a+1962506]\nE       \t(No symbol) [0x0x7ff6d57286c4]\nE       \t(No symbol) [0x0x7ff6d572898b]\nE       \t(No symbol) [0x0x7ff6d5769af7]\nE       \t(No symbol) [0x0x7ff6d5749e8f]\nE       \t(No symbol) [0x0x7ff6d571ea5d]\nE       \t(No symbol) [0x0x7ff6d57675df]\nE       \t(No symbol) [0x0x7ff6d5749bb3]\nE       \t(No symbol) [0x0x7ff6d571df56]\nE       \t(No symbol) [0x0x7ff6d571d463]\nE       \t(No symbol) [0x0x7ff6d571dd83]\nE       \t(No symbol) [0x0x7ff6d581e10d]\nE       \t(No symbol) [0x0x7ff6d582dce8]\nE       \tMicrosoft::Applications::Events::EventProperty::to_string [0x0x7ff6d5aa8839+265161]\nE       \tMicrosoft::Applications::Events::EventProperty::to_string [0x0x7ff6d5ab0111+296097]\nE       \t(No symbol) [0x0x7ff6d5922111]\nE       \t(No symbol) [0x0x7ff6d591a5b4]\nE       \t(No symbol) [0x0x7ff6d591a703]\nE       \t(No symbol) [0x0x7ff6d590b8d6]\nE       \tBaseThreadInitThunk [0x0x7ff920ece8d7+23]\nE       \tRtlUserThreadStart [0x0x7ff92209c34c+44]\n\nvenv\\Lib\\site-packages\\selenium\\webdriver\\support\\wait.py:146: TimeoutException"}, "description": "\n**Test Type**  \nFunctional and cross-browser testing\n\n**Test Scenario**\nEntering the email, new password but entering different password in confirm password field and waiting till the **Passwords do not match text**\n\n**Input data**\nEmail: Sk12@gmail.com\nNew Password: cpktnwt\nConfirm Password: chethan\n\n**Test passes if**\nThe **Valid email is required** text is displayed.\n", "steps": [{"name": "Login Page is opened", "status": "passed", "start": 1750151156047, "stop": 1750151156175}, {"name": "Clicking on 'Forgot Password?' link", "status": "passed", "start": 1750151156175, "stop": 1750151158039}, {"name": "Entering the Email", "status": "passed", "start": 1750151158039, "stop": 1750151158331}, {"name": "Entering the NewPassword", "status": "passed", "start": 1750151158331, "stop": 1750151158446}, {"name": "Entering the password in Confirm Password field", "status": "passed", "start": 1750151158446, "stop": 1750151158545}, {"name": "Validating 'Passwords do not match' error is shown", "status": "broken", "statusDetails": {"message": "selenium.common.exceptions.TimeoutException: Message: \nStacktrace:\n\tGetHandleVerifier [0x0x7ff6d59c3865+25605]\n\t(No symbol) [0x0x7ff6d5913970]\n\tMicrosoft::Applications::Events::EventProperty::to_string [0x0x7ff6d5c46e7a+1962506]\n\t(No symbol) [0x0x7ff6d57286c4]\n\t(No symbol) [0x0x7ff6d572898b]\n\t(No symbol) [0x0x7ff6d5769af7]\n\t(No symbol) [0x0x7ff6d5749e8f]\n\t(No symbol) [0x0x7ff6d571ea5d]\n\t(No symbol) [0x0x7ff6d57675df]\n\t(No symbol) [0x0x7ff6d5749bb3]\n\t(No symbol) [0x0x7ff6d571df56]\n\t(No symbol) [0x0x7ff6d571d463]\n\t(No symbol) [0x0x7ff6d571dd83]\n\t(No symbol) [0x0x7ff6d581e10d]\n\t(No symbol) [0x0x7ff6d582dce8]\n\tMicrosoft::Applications::Events::EventProperty::to_string [0x0x7ff6d5aa8839+265161]\n\tMicrosoft::Applications::Events::EventProperty::to_string [0x0x7ff6d5ab0111+296097]\n\t(No symbol) [0x0x7ff6d5922111]\n\t(No symbol) [0x0x7ff6d591a5b4]\n\t(No symbol) [0x0x7ff6d591a703]\n\t(No symbol) [0x0x7ff6d590b8d6]\n\tBaseThreadInitThunk [0x0x7ff920ece8d7+23]\n\tRtlUserThreadStart [0x0x7ff92209c34c+44]\n\n", "trace": "  File \"C:\\Users\\sagar\\PycharmProjects\\TestingProject\\Xeed_Login_Page\\Test_TC014.py\", line 52, in test_suite\n    element = wait.until(EC.visibility_of_element_located((By.XPATH, \"//div[@class='error ng-star-inserted']\")))\n  File \"C:\\Users\\sagar\\PycharmProjects\\TestingProject\\venv\\Lib\\site-packages\\selenium\\webdriver\\support\\wait.py\", line 146, in until\n    raise TimeoutException(message, screen, stacktrace)\n"}, "start": 1750151158545, "stop": 1750151168782}], "parameters": [{"name": "setup", "value": "'edge'"}], "start": 1750151156047, "stop": 1750151168783, "uuid": "2f72678e-e9d8-4a18-914f-4e3127ff9b47", "historyId": "f6ca061f4ccffc101d67bf4aec07c487", "testCaseId": "92a9bd4289bc59d9c63837d1d5e4006a", "fullName": "Xeed_Login_Page.Test_TC014#test_suite", "labels": [{"name": "feature", "value": "XEED_Ventures_Login_Page"}, {"name": "parentSuite", "value": "Xeed_Login_Page"}, {"name": "suite", "value": "Test_TC014"}, {"name": "host", "value": "DESKTOP-0Q1NQ4H"}, {"name": "thread", "value": "31368-MainThread"}, {"name": "framework", "value": "pytest"}, {"name": "language", "value": "cpython3"}, {"name": "package", "value": "Xeed_Login_Page.Test_TC014"}]}