{"uid":"1d270795b39d1ec8","name":"TC003 - Login with Invalid Password","fullName":"Xeed_Login_Page.Test_TC003#test_site","historyId":"f5ef4760530612c450ca78e381a8bdea","time":{"start":1749207296835,"stop":1749207308855,"duration":12020},"description":"\n**Test Scenario:**  \nAttempt to log in using an invalid password  \nUsername: Rohit  \nPassword: 9902@KM\n\n**Expected Result:**  \nUser should not be able to log in.\n\n**How it is evaluated:**  \nThis is verified by checking the URL change; if the login is successful, the URL changes to `/dashboard`.\n","descriptionHtml":"<p><strong>Test Scenario:</strong><br />\nAttempt to log in using an invalid password<br />\nUsername: Rohit<br />\nPassword: 9902@KM</p>\n<p><strong>Expected Result:</strong><br />\nUser should not be able to log in.</p>\n<p><strong>How it is evaluated:</strong><br />\nThis is verified by checking the URL change; if the login is successful, the URL changes to <code>/dashboard</code>.</p>\n","status":"failed","statusMessage":"Failed: Login failed - URL did not change to dashboard","statusTrace":"setup = <selenium.webdriver.edge.webdriver.WebDriver (session=\"e08f3c4476c94b4f4c0f3dc726599efb\")>\n\n    @allure.feature(\"XEED_Ventures_Login_Page\")\n    @allure.title(\"TC003 - Login with Invalid Password\")\n    @allure.description(\"\"\"\n    **Test Scenario:**\n    Attempt to log in using an invalid password\n    Username: Rohit\n    Password: 9902@KM\n    \n    **Expected Result:**\n    User should not be able to log in.\n    \n    **How it is evaluated:**\n    This is verified by checking the URL change; if the login is successful, the URL changes to `/dashboard`.\n    \"\"\")\n    \n    def test_site(setup):\n        driver = setup\n        wait = WebDriverWait(driver, 10)\n    \n        with allure.step(\"Login Page is Opened\"):\n            driver.get(\"http://157.15.202.244:88/authentication/login\")\n    \n        with allure.step(\"Waiting until the username field is displayed and it is clicked\"):\n            element = wait.until(EC.element_to_be_clickable((By.XPATH, \"//input[@id='username']\")))\n            element.click()\n    \n        with allure.step(\"Typing the valid username\"):\n            element.send_keys(\"Rohit\")\n    \n        with allure.step(\"Waiting until the password field is displayed and it is clicked\"):\n            element = wait.until(EC.element_to_be_clickable((By.XPATH, \"//input[@id='password']\")))\n            element.click()\n    \n        with allure.step(\"Typing the invalid password\"):\n            element.send_keys(\"9902@KM\")\n    \n        with allure.step(\"Clicking the login button\"):\n            element = wait.until(EC.element_to_be_clickable((By.XPATH, \"//button[normalize-space()='Login']\")))\n            element.click()\n    \n        with allure.step(\"Waiting for the URL to change to dashboard\"):\n            try:\n>               wait.until(EC.url_contains(\"/dashboard\"))\n\nXeed_Login_Page\\Test_TC003.py:49: \n_ _ _ _ _ _ _ _ _ _ _ _ _ _ _ _ _ _ _ _ _ _ _ _ _ _ _ _ _ _ _ _ _ _ _ _ _ _ _ _ _ _ _ _ _ _ _ _ _ _ _ _ _ _ _ _ _ _ _ _ _ _ _ _ _ _ _ _ _ _ _ _ _ _ _ _ _ _ _ _ _ _ _ _ _ _ _ _ _ _ _ _\n\nself = <selenium.webdriver.support.wait.WebDriverWait (session=\"e08f3c4476c94b4f4c0f3dc726599efb\")>, method = <function url_contains.<locals>._predicate at 0x000001CEA5E6EFC0>\nmessage = ''\n\n    def until(self, method: Callable[[D], Union[Literal[False], T]], message: str = \"\") -> T:\n        \"\"\"Wait until the method returns a value that is not False.\n    \n        Calls the method provided with the driver as an argument until the\n        return value does not evaluate to ``False``.\n    \n        Parameters:\n        -----------\n        method: callable(WebDriver)\n            - A callable object that takes a WebDriver instance as an argument.\n    \n        message: str\n            - Optional message for :exc:`TimeoutException`\n    \n        Return:\n        -------\n        object: T\n            - The result of the last call to `method`\n    \n        Raises:\n        -------\n        TimeoutException\n            - If 'method' does not return a truthy value within the WebDriverWait\n            object's timeout\n    \n        Example:\n        --------\n        >>> from selenium.webdriver.common.by import By\n        >>> from selenium.webdriver.support.ui import WebDriverWait\n        >>> from selenium.webdriver.support import expected_conditions as EC\n    \n        # Wait until an element is visible on the page\n        >>> wait = WebDriverWait(driver, 10)\n        >>> element = wait.until(EC.visibility_of_element_located((By.ID, \"exampleId\")))\n        >>> print(element.text)\n        \"\"\"\n        screen = None\n        stacktrace = None\n    \n        end_time = time.monotonic() + self._timeout\n        while True:\n            try:\n                value = method(self._driver)\n                if value:\n                    return value\n            except self._ignored_exceptions as exc:\n                screen = getattr(exc, \"screen\", None)\n                stacktrace = getattr(exc, \"stacktrace\", None)\n            if time.monotonic() > end_time:\n                break\n            time.sleep(self._poll)\n>       raise TimeoutException(message, screen, stacktrace)\nE       selenium.common.exceptions.TimeoutException: Message:\n\nvenv\\Lib\\site-packages\\selenium\\webdriver\\support\\wait.py:146: TimeoutException\n\nDuring handling of the above exception, another exception occurred:\n\nsetup = <selenium.webdriver.edge.webdriver.WebDriver (session=\"e08f3c4476c94b4f4c0f3dc726599efb\")>\n\n    @allure.feature(\"XEED_Ventures_Login_Page\")\n    @allure.title(\"TC003 - Login with Invalid Password\")\n    @allure.description(\"\"\"\n    **Test Scenario:**\n    Attempt to log in using an invalid password\n    Username: Rohit\n    Password: 9902@KM\n    \n    **Expected Result:**\n    User should not be able to log in.\n    \n    **How it is evaluated:**\n    This is verified by checking the URL change; if the login is successful, the URL changes to `/dashboard`.\n    \"\"\")\n    \n    def test_site(setup):\n        driver = setup\n        wait = WebDriverWait(driver, 10)\n    \n        with allure.step(\"Login Page is Opened\"):\n            driver.get(\"http://157.15.202.244:88/authentication/login\")\n    \n        with allure.step(\"Waiting until the username field is displayed and it is clicked\"):\n            element = wait.until(EC.element_to_be_clickable((By.XPATH, \"//input[@id='username']\")))\n            element.click()\n    \n        with allure.step(\"Typing the valid username\"):\n            element.send_keys(\"Rohit\")\n    \n        with allure.step(\"Waiting until the password field is displayed and it is clicked\"):\n            element = wait.until(EC.element_to_be_clickable((By.XPATH, \"//input[@id='password']\")))\n            element.click()\n    \n        with allure.step(\"Typing the invalid password\"):\n            element.send_keys(\"9902@KM\")\n    \n        with allure.step(\"Clicking the login button\"):\n            element = wait.until(EC.element_to_be_clickable((By.XPATH, \"//button[normalize-space()='Login']\")))\n            element.click()\n    \n        with allure.step(\"Waiting for the URL to change to dashboard\"):\n            try:\n                wait.until(EC.url_contains(\"/dashboard\"))\n            except:\n                allure.attach(driver.current_url, name=\"Current URL on failure\", attachment_type=allure.attachment_type.TEXT)\n>               pytest.fail(\"Login failed - URL did not change to dashboard\")\nE               Failed: Login failed - URL did not change to dashboard\n\nXeed_Login_Page\\Test_TC003.py:52: Failed","flaky":false,"newFailed":false,"newBroken":false,"newPassed":false,"retriesCount":0,"retriesStatusChange":false,"beforeStages":[{"name":"setup","time":{"start":1749207289390,"stop":1749207296834,"duration":7444},"status":"passed","steps":[],"attachments":[],"parameters":[],"hasContent":false,"attachmentsCount":0,"shouldDisplayMessage":false,"attachmentStep":false,"stepsCount":0}],"testStage":{"description":"\n**Test Scenario:**  \nAttempt to log in using an invalid password  \nUsername: Rohit  \nPassword: 9902@KM\n\n**Expected Result:**  \nUser should not be able to log in.\n\n**How it is evaluated:**  \nThis is verified by checking the URL change; if the login is successful, the URL changes to `/dashboard`.\n","status":"failed","statusMessage":"Failed: Login failed - URL did not change to dashboard","statusTrace":"setup = <selenium.webdriver.edge.webdriver.WebDriver (session=\"e08f3c4476c94b4f4c0f3dc726599efb\")>\n\n    @allure.feature(\"XEED_Ventures_Login_Page\")\n    @allure.title(\"TC003 - Login with Invalid Password\")\n    @allure.description(\"\"\"\n    **Test Scenario:**\n    Attempt to log in using an invalid password\n    Username: Rohit\n    Password: 9902@KM\n    \n    **Expected Result:**\n    User should not be able to log in.\n    \n    **How it is evaluated:**\n    This is verified by checking the URL change; if the login is successful, the URL changes to `/dashboard`.\n    \"\"\")\n    \n    def test_site(setup):\n        driver = setup\n        wait = WebDriverWait(driver, 10)\n    \n        with allure.step(\"Login Page is Opened\"):\n            driver.get(\"http://157.15.202.244:88/authentication/login\")\n    \n        with allure.step(\"Waiting until the username field is displayed and it is clicked\"):\n            element = wait.until(EC.element_to_be_clickable((By.XPATH, \"//input[@id='username']\")))\n            element.click()\n    \n        with allure.step(\"Typing the valid username\"):\n            element.send_keys(\"Rohit\")\n    \n        with allure.step(\"Waiting until the password field is displayed and it is clicked\"):\n            element = wait.until(EC.element_to_be_clickable((By.XPATH, \"//input[@id='password']\")))\n            element.click()\n    \n        with allure.step(\"Typing the invalid password\"):\n            element.send_keys(\"9902@KM\")\n    \n        with allure.step(\"Clicking the login button\"):\n            element = wait.until(EC.element_to_be_clickable((By.XPATH, \"//button[normalize-space()='Login']\")))\n            element.click()\n    \n        with allure.step(\"Waiting for the URL to change to dashboard\"):\n            try:\n>               wait.until(EC.url_contains(\"/dashboard\"))\n\nXeed_Login_Page\\Test_TC003.py:49: \n_ _ _ _ _ _ _ _ _ _ _ _ _ _ _ _ _ _ _ _ _ _ _ _ _ _ _ _ _ _ _ _ _ _ _ _ _ _ _ _ _ _ _ _ _ _ _ _ _ _ _ _ _ _ _ _ _ _ _ _ _ _ _ _ _ _ _ _ _ _ _ _ _ _ _ _ _ _ _ _ _ _ _ _ _ _ _ _ _ _ _ _\n\nself = <selenium.webdriver.support.wait.WebDriverWait (session=\"e08f3c4476c94b4f4c0f3dc726599efb\")>, method = <function url_contains.<locals>._predicate at 0x000001CEA5E6EFC0>\nmessage = ''\n\n    def until(self, method: Callable[[D], Union[Literal[False], T]], message: str = \"\") -> T:\n        \"\"\"Wait until the method returns a value that is not False.\n    \n        Calls the method provided with the driver as an argument until the\n        return value does not evaluate to ``False``.\n    \n        Parameters:\n        -----------\n        method: callable(WebDriver)\n            - A callable object that takes a WebDriver instance as an argument.\n    \n        message: str\n            - Optional message for :exc:`TimeoutException`\n    \n        Return:\n        -------\n        object: T\n            - The result of the last call to `method`\n    \n        Raises:\n        -------\n        TimeoutException\n            - If 'method' does not return a truthy value within the WebDriverWait\n            object's timeout\n    \n        Example:\n        --------\n        >>> from selenium.webdriver.common.by import By\n        >>> from selenium.webdriver.support.ui import WebDriverWait\n        >>> from selenium.webdriver.support import expected_conditions as EC\n    \n        # Wait until an element is visible on the page\n        >>> wait = WebDriverWait(driver, 10)\n        >>> element = wait.until(EC.visibility_of_element_located((By.ID, \"exampleId\")))\n        >>> print(element.text)\n        \"\"\"\n        screen = None\n        stacktrace = None\n    \n        end_time = time.monotonic() + self._timeout\n        while True:\n            try:\n                value = method(self._driver)\n                if value:\n                    return value\n            except self._ignored_exceptions as exc:\n                screen = getattr(exc, \"screen\", None)\n                stacktrace = getattr(exc, \"stacktrace\", None)\n            if time.monotonic() > end_time:\n                break\n            time.sleep(self._poll)\n>       raise TimeoutException(message, screen, stacktrace)\nE       selenium.common.exceptions.TimeoutException: Message:\n\nvenv\\Lib\\site-packages\\selenium\\webdriver\\support\\wait.py:146: TimeoutException\n\nDuring handling of the above exception, another exception occurred:\n\nsetup = <selenium.webdriver.edge.webdriver.WebDriver (session=\"e08f3c4476c94b4f4c0f3dc726599efb\")>\n\n    @allure.feature(\"XEED_Ventures_Login_Page\")\n    @allure.title(\"TC003 - Login with Invalid Password\")\n    @allure.description(\"\"\"\n    **Test Scenario:**\n    Attempt to log in using an invalid password\n    Username: Rohit\n    Password: 9902@KM\n    \n    **Expected Result:**\n    User should not be able to log in.\n    \n    **How it is evaluated:**\n    This is verified by checking the URL change; if the login is successful, the URL changes to `/dashboard`.\n    \"\"\")\n    \n    def test_site(setup):\n        driver = setup\n        wait = WebDriverWait(driver, 10)\n    \n        with allure.step(\"Login Page is Opened\"):\n            driver.get(\"http://157.15.202.244:88/authentication/login\")\n    \n        with allure.step(\"Waiting until the username field is displayed and it is clicked\"):\n            element = wait.until(EC.element_to_be_clickable((By.XPATH, \"//input[@id='username']\")))\n            element.click()\n    \n        with allure.step(\"Typing the valid username\"):\n            element.send_keys(\"Rohit\")\n    \n        with allure.step(\"Waiting until the password field is displayed and it is clicked\"):\n            element = wait.until(EC.element_to_be_clickable((By.XPATH, \"//input[@id='password']\")))\n            element.click()\n    \n        with allure.step(\"Typing the invalid password\"):\n            element.send_keys(\"9902@KM\")\n    \n        with allure.step(\"Clicking the login button\"):\n            element = wait.until(EC.element_to_be_clickable((By.XPATH, \"//button[normalize-space()='Login']\")))\n            element.click()\n    \n        with allure.step(\"Waiting for the URL to change to dashboard\"):\n            try:\n                wait.until(EC.url_contains(\"/dashboard\"))\n            except:\n                allure.attach(driver.current_url, name=\"Current URL on failure\", attachment_type=allure.attachment_type.TEXT)\n>               pytest.fail(\"Login failed - URL did not change to dashboard\")\nE               Failed: Login failed - URL did not change to dashboard\n\nXeed_Login_Page\\Test_TC003.py:52: Failed","steps":[{"name":"Login Page is Opened","time":{"start":1749207296836,"stop":1749207298214,"duration":1378},"status":"passed","steps":[],"attachments":[],"parameters":[],"hasContent":false,"attachmentsCount":0,"shouldDisplayMessage":false,"attachmentStep":false,"stepsCount":0},{"name":"Waiting until the username field is displayed and it is clicked","time":{"start":1749207298214,"stop":1749207298489,"duration":275},"status":"passed","steps":[],"attachments":[],"parameters":[],"hasContent":false,"attachmentsCount":0,"shouldDisplayMessage":false,"attachmentStep":false,"stepsCount":0},{"name":"Typing the valid username","time":{"start":1749207298490,"stop":1749207298538,"duration":48},"status":"passed","steps":[],"attachments":[],"parameters":[],"hasContent":false,"attachmentsCount":0,"shouldDisplayMessage":false,"attachmentStep":false,"stepsCount":0},{"name":"Waiting until the password field is displayed and it is clicked","time":{"start":1749207298538,"stop":1749207298617,"duration":79},"status":"passed","steps":[],"attachments":[],"parameters":[],"hasContent":false,"attachmentsCount":0,"shouldDisplayMessage":false,"attachmentStep":false,"stepsCount":0},{"name":"Typing the invalid password","time":{"start":1749207298617,"stop":1749207298657,"duration":40},"status":"passed","steps":[],"attachments":[],"parameters":[],"hasContent":false,"attachmentsCount":0,"shouldDisplayMessage":false,"attachmentStep":false,"stepsCount":0},{"name":"Clicking the login button","time":{"start":1749207298657,"stop":1749207298737,"duration":80},"status":"passed","steps":[],"attachments":[],"parameters":[],"hasContent":false,"attachmentsCount":0,"shouldDisplayMessage":false,"attachmentStep":false,"stepsCount":0},{"name":"Waiting for the URL to change to dashboard","time":{"start":1749207298737,"stop":1749207308854,"duration":10117},"status":"failed","statusMessage":"Failed: Login failed - URL did not change to dashboard\n","statusTrace":"  File \"C:\\Users\\sagar\\PycharmProjects\\TestingProject\\Xeed_Login_Page\\Test_TC003.py\", line 52, in test_site\n    pytest.fail(\"Login failed - URL did not change to dashboard\")\n    ~~~~~~~~~~~^^^^^^^^^^^^^^^^^^^^^^^^^^^^^^^^^^^^^^^^^^^^^^^^^^\n  File \"C:\\Users\\sagar\\PycharmProjects\\TestingProject\\venv\\Lib\\site-packages\\_pytest\\outcomes.py\", line 178, in fail\n    raise Failed(msg=reason, pytrace=pytrace)\n","steps":[],"attachments":[{"uid":"ea05542d9eb475a","name":"Current URL on failure","source":"ea05542d9eb475a.txt","type":"text/plain","size":45}],"parameters":[],"hasContent":true,"attachmentsCount":1,"shouldDisplayMessage":true,"attachmentStep":false,"stepsCount":0}],"attachments":[],"parameters":[],"hasContent":true,"attachmentsCount":1,"shouldDisplayMessage":true,"attachmentStep":false,"stepsCount":7},"afterStages":[{"name":"setup::0","time":{"start":1749207308864,"stop":1749207311141,"duration":2277},"status":"passed","steps":[],"attachments":[],"parameters":[],"hasContent":false,"attachmentsCount":0,"shouldDisplayMessage":false,"attachmentStep":false,"stepsCount":0}],"labels":[{"name":"feature","value":"XEED_Ventures_Login_Page"},{"name":"parentSuite","value":"Xeed_Login_Page"},{"name":"suite","value":"Test_TC003"},{"name":"host","value":"DESKTOP-0Q1NQ4H"},{"name":"thread","value":"40464-MainThread"},{"name":"framework","value":"pytest"},{"name":"language","value":"cpython3"},{"name":"package","value":"Xeed_Login_Page.Test_TC003"},{"name":"resultFormat","value":"allure2"}],"parameters":[{"name":"setup","value":"'edge'"}],"links":[],"hidden":true,"retry":true,"extra":{"categories":[],"tags":[]},"source":"1d270795b39d1ec8.json","parameterValues":["'edge'"]}