{"uid":"d4f5e5151ad6357e","name":"TC015 - Testing the **Passwords do not match** text","fullName":"Xeed_Login_Page.Test_TC014#test_suite","historyId":"f6ca061f4ccffc101d67bf4aec07c487","time":{"start":1750151643318,"stop":1750151655952,"duration":12634},"description":"\n**Test Type**  \nFunctional and cross-browser testing\n\n**Test Scenario**\nEntering the email, new password but entering different password in confirm password field and waiting till the **Passwords do not match text**\n\n**Input data**\nEmail: Sk12@gmail.com\nNew Password: cpktnwt\nConfirm Password: chethan\n\n**Test passes if**\nThe **Valid email is required** text is displayed.\n","descriptionHtml":"<p><strong>Test Type</strong><br />\nFunctional and cross-browser testing</p>\n<p><strong>Test Scenario</strong><br />\nEntering the email, new password but entering different password in confirm password field and waiting till the <strong>Passwords do not match text</strong></p>\n<p><strong>Input data</strong><br />\nEmail: Sk12@gmail.com<br />\nNew Password: cpktnwt<br />\nConfirm Password: chethan</p>\n<p><strong>Test passes if</strong><br />\nThe <strong>Valid email is required</strong> text is displayed.</p>\n","status":"failed","statusMessage":"Failed: Element not found within the wait time","statusTrace":"setup = <selenium.webdriver.edge.webdriver.WebDriver (session=\"46c92fb15218a0ca39ae653e102bd4ea\")>\n\n    @allure.feature(\"XEED_Ventures_Login_Page\")\n    @allure.title(\"TC015 - Testing the **Passwords do not match** text\")\n    @allure.description(\"\"\"\n    **Test Type**\n    Functional and cross-browser testing\n    \n    **Test Scenario**\n    Entering the email, new password but entering different password in confirm password field and waiting till the **Passwords do not match text**\n    \n    **Input data**\n    Email: Sk12@gmail.com\n    New Password: cpktnwt\n    Confirm Password: chethan\n    \n    **Test passes if**\n    The **Valid email is required** text is displayed.\n    \"\"\")\n    \n    def test_suite(setup):\n        driver = setup\n        wait = WebDriverWait(driver, 10)\n    \n        with allure.step(\"Login Page is opened\"):\n            driver.get(\"http://157.15.202.244:99/authentication/login\")\n    \n        with allure.step(\"Clicking on 'Forgot Password?' link\"):\n            element = wait.until(EC.element_to_be_clickable((By.XPATH, \"//a[normalize-space()='Forgot Password?']\")))\n            element.click()\n    \n        with allure.step(\"Entering the Email\"):\n            element = wait.until(EC.element_to_be_clickable((By.XPATH, \"//input[@formcontrolname='email']\")))\n            element.click()\n            element.send_keys(\"Sk12@gmail.com\")\n    \n        with allure.step(\"Entering the NewPassword\"):\n            element = wait.until(EC.element_to_be_clickable((By.XPATH, \"//input[@formcontrolname='newPassword']\")))\n            element.click()\n            element.send_keys(\"cpktnwt\")\n    \n        with allure.step(\"Entering the password in Confirm Password field\"):\n            element = wait.until(EC.element_to_be_clickable((By.XPATH, \"//input[@formcontrolname='confirmPassword']\")))\n            element.click()\n            element.send_keys(\"chethan\")\n    \n        with allure.step(\"Validating 'Passwords do not match' error is shown\"):\n            try:\n>               element = wait.until(EC.visibility_of_element_located((By.XPATH, \"//div[@class='error ng-star-inserted']\")))\n\nXeed_Login_Page\\Test_TC014.py:54: \n_ _ _ _ _ _ _ _ _ _ _ _ _ _ _ _ _ _ _ _ _ _ _ _ _ _ _ _ _ _ _ _ _ _ _ _ _ _ _ _ _ _ _ _ _ _ _ _ _ _ _ _ _ _ _ _ _ _ _ _ _ _ _ _ _ _ _ _ _ _ _ _ _ _ _ _ _ _ _ _ _ _ _ _ _ _ _ _ _ _ _ _\n\nself = <selenium.webdriver.support.wait.WebDriverWait (session=\"46c92fb15218a0ca39ae653e102bd4ea\")>\nmethod = <function visibility_of_element_located.<locals>._predicate at 0x0000018641711DA0>, message = ''\n\n    def until(self, method: Callable[[D], Union[Literal[False], T]], message: str = \"\") -> T:\n        \"\"\"Wait until the method returns a value that is not False.\n    \n        Calls the method provided with the driver as an argument until the\n        return value does not evaluate to ``False``.\n    \n        Parameters:\n        -----------\n        method: callable(WebDriver)\n            - A callable object that takes a WebDriver instance as an argument.\n    \n        message: str\n            - Optional message for :exc:`TimeoutException`\n    \n        Return:\n        -------\n        object: T\n            - The result of the last call to `method`\n    \n        Raises:\n        -------\n        TimeoutException\n            - If 'method' does not return a truthy value within the WebDriverWait\n            object's timeout\n    \n        Example:\n        --------\n        >>> from selenium.webdriver.common.by import By\n        >>> from selenium.webdriver.support.ui import WebDriverWait\n        >>> from selenium.webdriver.support import expected_conditions as EC\n    \n        # Wait until an element is visible on the page\n        >>> wait = WebDriverWait(driver, 10)\n        >>> element = wait.until(EC.visibility_of_element_located((By.ID, \"exampleId\")))\n        >>> print(element.text)\n        \"\"\"\n        screen = None\n        stacktrace = None\n    \n        end_time = time.monotonic() + self._timeout\n        while True:\n            try:\n                value = method(self._driver)\n                if value:\n                    return value\n            except self._ignored_exceptions as exc:\n                screen = getattr(exc, \"screen\", None)\n                stacktrace = getattr(exc, \"stacktrace\", None)\n            if time.monotonic() > end_time:\n                break\n            time.sleep(self._poll)\n>       raise TimeoutException(message, screen, stacktrace)\nE       selenium.common.exceptions.TimeoutException: Message: \nE       Stacktrace:\nE       \tGetHandleVerifier [0x0x7ff7fa533865+25605]\nE       \t(No symbol) [0x0x7ff7fa483970]\nE       \tMicrosoft::Applications::Events::EventProperty::to_string [0x0x7ff7fa7b6e7a+1962506]\nE       \t(No symbol) [0x0x7ff7fa2986c4]\nE       \t(No symbol) [0x0x7ff7fa29898b]\nE       \t(No symbol) [0x0x7ff7fa2d9af7]\nE       \t(No symbol) [0x0x7ff7fa2b9e8f]\nE       \t(No symbol) [0x0x7ff7fa28ea5d]\nE       \t(No symbol) [0x0x7ff7fa2d75df]\nE       \t(No symbol) [0x0x7ff7fa2b9bb3]\nE       \t(No symbol) [0x0x7ff7fa28df56]\nE       \t(No symbol) [0x0x7ff7fa28d463]\nE       \t(No symbol) [0x0x7ff7fa28dd83]\nE       \t(No symbol) [0x0x7ff7fa38e10d]\nE       \t(No symbol) [0x0x7ff7fa39dce8]\nE       \tMicrosoft::Applications::Events::EventProperty::to_string [0x0x7ff7fa618839+265161]\nE       \tMicrosoft::Applications::Events::EventProperty::to_string [0x0x7ff7fa620111+296097]\nE       \t(No symbol) [0x0x7ff7fa492111]\nE       \t(No symbol) [0x0x7ff7fa48a5b4]\nE       \t(No symbol) [0x0x7ff7fa48a703]\nE       \t(No symbol) [0x0x7ff7fa47b8d6]\nE       \tBaseThreadInitThunk [0x0x7ff920ece8d7+23]\nE       \tRtlUserThreadStart [0x0x7ff92209c34c+44]\n\nvenv\\Lib\\site-packages\\selenium\\webdriver\\support\\wait.py:146: TimeoutException\n\nDuring handling of the above exception, another exception occurred:\n\nsetup = <selenium.webdriver.edge.webdriver.WebDriver (session=\"46c92fb15218a0ca39ae653e102bd4ea\")>\n\n    @allure.feature(\"XEED_Ventures_Login_Page\")\n    @allure.title(\"TC015 - Testing the **Passwords do not match** text\")\n    @allure.description(\"\"\"\n    **Test Type**\n    Functional and cross-browser testing\n    \n    **Test Scenario**\n    Entering the email, new password but entering different password in confirm password field and waiting till the **Passwords do not match text**\n    \n    **Input data**\n    Email: Sk12@gmail.com\n    New Password: cpktnwt\n    Confirm Password: chethan\n    \n    **Test passes if**\n    The **Valid email is required** text is displayed.\n    \"\"\")\n    \n    def test_suite(setup):\n        driver = setup\n        wait = WebDriverWait(driver, 10)\n    \n        with allure.step(\"Login Page is opened\"):\n            driver.get(\"http://157.15.202.244:99/authentication/login\")\n    \n        with allure.step(\"Clicking on 'Forgot Password?' link\"):\n            element = wait.until(EC.element_to_be_clickable((By.XPATH, \"//a[normalize-space()='Forgot Password?']\")))\n            element.click()\n    \n        with allure.step(\"Entering the Email\"):\n            element = wait.until(EC.element_to_be_clickable((By.XPATH, \"//input[@formcontrolname='email']\")))\n            element.click()\n            element.send_keys(\"Sk12@gmail.com\")\n    \n        with allure.step(\"Entering the NewPassword\"):\n            element = wait.until(EC.element_to_be_clickable((By.XPATH, \"//input[@formcontrolname='newPassword']\")))\n            element.click()\n            element.send_keys(\"cpktnwt\")\n    \n        with allure.step(\"Entering the password in Confirm Password field\"):\n            element = wait.until(EC.element_to_be_clickable((By.XPATH, \"//input[@formcontrolname='confirmPassword']\")))\n            element.click()\n            element.send_keys(\"chethan\")\n    \n        with allure.step(\"Validating 'Passwords do not match' error is shown\"):\n            try:\n                element = wait.until(EC.visibility_of_element_located((By.XPATH, \"//div[@class='error ng-star-inserted']\")))\n                assert element.is_displayed(), \"Expected 'Passwords do not match' message not visible\"\n                allure.attach(element.text, name= \"Text displayed\", attachment_type=allure.attachment_type.TEXT )\n    \n            except TimeoutException as e:\n                allure.attach(str(e), name=\"TimeoutException\", attachment_type=allure.attachment_type.TEXT)\n>               pytest.fail(\"Element not found within the wait time\")\nE               Failed: Element not found within the wait time\n\nXeed_Login_Page\\Test_TC014.py:60: Failed","flaky":false,"newFailed":false,"newBroken":false,"newPassed":false,"retriesCount":2,"retriesStatusChange":true,"beforeStages":[{"name":"setup","time":{"start":1750151637854,"stop":1750151643316,"duration":5462},"status":"passed","steps":[],"attachments":[],"parameters":[],"stepsCount":0,"attachmentStep":false,"shouldDisplayMessage":false,"attachmentsCount":0,"hasContent":false}],"testStage":{"description":"\n**Test Type**  \nFunctional and cross-browser testing\n\n**Test Scenario**\nEntering the email, new password but entering different password in confirm password field and waiting till the **Passwords do not match text**\n\n**Input data**\nEmail: Sk12@gmail.com\nNew Password: cpktnwt\nConfirm Password: chethan\n\n**Test passes if**\nThe **Valid email is required** text is displayed.\n","status":"failed","statusMessage":"Failed: Element not found within the wait time","statusTrace":"setup = <selenium.webdriver.edge.webdriver.WebDriver (session=\"46c92fb15218a0ca39ae653e102bd4ea\")>\n\n    @allure.feature(\"XEED_Ventures_Login_Page\")\n    @allure.title(\"TC015 - Testing the **Passwords do not match** text\")\n    @allure.description(\"\"\"\n    **Test Type**\n    Functional and cross-browser testing\n    \n    **Test Scenario**\n    Entering the email, new password but entering different password in confirm password field and waiting till the **Passwords do not match text**\n    \n    **Input data**\n    Email: Sk12@gmail.com\n    New Password: cpktnwt\n    Confirm Password: chethan\n    \n    **Test passes if**\n    The **Valid email is required** text is displayed.\n    \"\"\")\n    \n    def test_suite(setup):\n        driver = setup\n        wait = WebDriverWait(driver, 10)\n    \n        with allure.step(\"Login Page is opened\"):\n            driver.get(\"http://157.15.202.244:99/authentication/login\")\n    \n        with allure.step(\"Clicking on 'Forgot Password?' link\"):\n            element = wait.until(EC.element_to_be_clickable((By.XPATH, \"//a[normalize-space()='Forgot Password?']\")))\n            element.click()\n    \n        with allure.step(\"Entering the Email\"):\n            element = wait.until(EC.element_to_be_clickable((By.XPATH, \"//input[@formcontrolname='email']\")))\n            element.click()\n            element.send_keys(\"Sk12@gmail.com\")\n    \n        with allure.step(\"Entering the NewPassword\"):\n            element = wait.until(EC.element_to_be_clickable((By.XPATH, \"//input[@formcontrolname='newPassword']\")))\n            element.click()\n            element.send_keys(\"cpktnwt\")\n    \n        with allure.step(\"Entering the password in Confirm Password field\"):\n            element = wait.until(EC.element_to_be_clickable((By.XPATH, \"//input[@formcontrolname='confirmPassword']\")))\n            element.click()\n            element.send_keys(\"chethan\")\n    \n        with allure.step(\"Validating 'Passwords do not match' error is shown\"):\n            try:\n>               element = wait.until(EC.visibility_of_element_located((By.XPATH, \"//div[@class='error ng-star-inserted']\")))\n\nXeed_Login_Page\\Test_TC014.py:54: \n_ _ _ _ _ _ _ _ _ _ _ _ _ _ _ _ _ _ _ _ _ _ _ _ _ _ _ _ _ _ _ _ _ _ _ _ _ _ _ _ _ _ _ _ _ _ _ _ _ _ _ _ _ _ _ _ _ _ _ _ _ _ _ _ _ _ _ _ _ _ _ _ _ _ _ _ _ _ _ _ _ _ _ _ _ _ _ _ _ _ _ _\n\nself = <selenium.webdriver.support.wait.WebDriverWait (session=\"46c92fb15218a0ca39ae653e102bd4ea\")>\nmethod = <function visibility_of_element_located.<locals>._predicate at 0x0000018641711DA0>, message = ''\n\n    def until(self, method: Callable[[D], Union[Literal[False], T]], message: str = \"\") -> T:\n        \"\"\"Wait until the method returns a value that is not False.\n    \n        Calls the method provided with the driver as an argument until the\n        return value does not evaluate to ``False``.\n    \n        Parameters:\n        -----------\n        method: callable(WebDriver)\n            - A callable object that takes a WebDriver instance as an argument.\n    \n        message: str\n            - Optional message for :exc:`TimeoutException`\n    \n        Return:\n        -------\n        object: T\n            - The result of the last call to `method`\n    \n        Raises:\n        -------\n        TimeoutException\n            - If 'method' does not return a truthy value within the WebDriverWait\n            object's timeout\n    \n        Example:\n        --------\n        >>> from selenium.webdriver.common.by import By\n        >>> from selenium.webdriver.support.ui import WebDriverWait\n        >>> from selenium.webdriver.support import expected_conditions as EC\n    \n        # Wait until an element is visible on the page\n        >>> wait = WebDriverWait(driver, 10)\n        >>> element = wait.until(EC.visibility_of_element_located((By.ID, \"exampleId\")))\n        >>> print(element.text)\n        \"\"\"\n        screen = None\n        stacktrace = None\n    \n        end_time = time.monotonic() + self._timeout\n        while True:\n            try:\n                value = method(self._driver)\n                if value:\n                    return value\n            except self._ignored_exceptions as exc:\n                screen = getattr(exc, \"screen\", None)\n                stacktrace = getattr(exc, \"stacktrace\", None)\n            if time.monotonic() > end_time:\n                break\n            time.sleep(self._poll)\n>       raise TimeoutException(message, screen, stacktrace)\nE       selenium.common.exceptions.TimeoutException: Message: \nE       Stacktrace:\nE       \tGetHandleVerifier [0x0x7ff7fa533865+25605]\nE       \t(No symbol) [0x0x7ff7fa483970]\nE       \tMicrosoft::Applications::Events::EventProperty::to_string [0x0x7ff7fa7b6e7a+1962506]\nE       \t(No symbol) [0x0x7ff7fa2986c4]\nE       \t(No symbol) [0x0x7ff7fa29898b]\nE       \t(No symbol) [0x0x7ff7fa2d9af7]\nE       \t(No symbol) [0x0x7ff7fa2b9e8f]\nE       \t(No symbol) [0x0x7ff7fa28ea5d]\nE       \t(No symbol) [0x0x7ff7fa2d75df]\nE       \t(No symbol) [0x0x7ff7fa2b9bb3]\nE       \t(No symbol) [0x0x7ff7fa28df56]\nE       \t(No symbol) [0x0x7ff7fa28d463]\nE       \t(No symbol) [0x0x7ff7fa28dd83]\nE       \t(No symbol) [0x0x7ff7fa38e10d]\nE       \t(No symbol) [0x0x7ff7fa39dce8]\nE       \tMicrosoft::Applications::Events::EventProperty::to_string [0x0x7ff7fa618839+265161]\nE       \tMicrosoft::Applications::Events::EventProperty::to_string [0x0x7ff7fa620111+296097]\nE       \t(No symbol) [0x0x7ff7fa492111]\nE       \t(No symbol) [0x0x7ff7fa48a5b4]\nE       \t(No symbol) [0x0x7ff7fa48a703]\nE       \t(No symbol) [0x0x7ff7fa47b8d6]\nE       \tBaseThreadInitThunk [0x0x7ff920ece8d7+23]\nE       \tRtlUserThreadStart [0x0x7ff92209c34c+44]\n\nvenv\\Lib\\site-packages\\selenium\\webdriver\\support\\wait.py:146: TimeoutException\n\nDuring handling of the above exception, another exception occurred:\n\nsetup = <selenium.webdriver.edge.webdriver.WebDriver (session=\"46c92fb15218a0ca39ae653e102bd4ea\")>\n\n    @allure.feature(\"XEED_Ventures_Login_Page\")\n    @allure.title(\"TC015 - Testing the **Passwords do not match** text\")\n    @allure.description(\"\"\"\n    **Test Type**\n    Functional and cross-browser testing\n    \n    **Test Scenario**\n    Entering the email, new password but entering different password in confirm password field and waiting till the **Passwords do not match text**\n    \n    **Input data**\n    Email: Sk12@gmail.com\n    New Password: cpktnwt\n    Confirm Password: chethan\n    \n    **Test passes if**\n    The **Valid email is required** text is displayed.\n    \"\"\")\n    \n    def test_suite(setup):\n        driver = setup\n        wait = WebDriverWait(driver, 10)\n    \n        with allure.step(\"Login Page is opened\"):\n            driver.get(\"http://157.15.202.244:99/authentication/login\")\n    \n        with allure.step(\"Clicking on 'Forgot Password?' link\"):\n            element = wait.until(EC.element_to_be_clickable((By.XPATH, \"//a[normalize-space()='Forgot Password?']\")))\n            element.click()\n    \n        with allure.step(\"Entering the Email\"):\n            element = wait.until(EC.element_to_be_clickable((By.XPATH, \"//input[@formcontrolname='email']\")))\n            element.click()\n            element.send_keys(\"Sk12@gmail.com\")\n    \n        with allure.step(\"Entering the NewPassword\"):\n            element = wait.until(EC.element_to_be_clickable((By.XPATH, \"//input[@formcontrolname='newPassword']\")))\n            element.click()\n            element.send_keys(\"cpktnwt\")\n    \n        with allure.step(\"Entering the password in Confirm Password field\"):\n            element = wait.until(EC.element_to_be_clickable((By.XPATH, \"//input[@formcontrolname='confirmPassword']\")))\n            element.click()\n            element.send_keys(\"chethan\")\n    \n        with allure.step(\"Validating 'Passwords do not match' error is shown\"):\n            try:\n                element = wait.until(EC.visibility_of_element_located((By.XPATH, \"//div[@class='error ng-star-inserted']\")))\n                assert element.is_displayed(), \"Expected 'Passwords do not match' message not visible\"\n                allure.attach(element.text, name= \"Text displayed\", attachment_type=allure.attachment_type.TEXT )\n    \n            except TimeoutException as e:\n                allure.attach(str(e), name=\"TimeoutException\", attachment_type=allure.attachment_type.TEXT)\n>               pytest.fail(\"Element not found within the wait time\")\nE               Failed: Element not found within the wait time\n\nXeed_Login_Page\\Test_TC014.py:60: Failed","steps":[{"name":"Login Page is opened","time":{"start":1750151643319,"stop":1750151645098,"duration":1779},"status":"passed","steps":[],"attachments":[],"parameters":[],"stepsCount":0,"attachmentStep":false,"shouldDisplayMessage":false,"attachmentsCount":0,"hasContent":false},{"name":"Clicking on 'Forgot Password?' link","time":{"start":1750151645098,"stop":1750151645270,"duration":172},"status":"passed","steps":[],"attachments":[],"parameters":[],"stepsCount":0,"attachmentStep":false,"shouldDisplayMessage":false,"attachmentsCount":0,"hasContent":false},{"name":"Entering the Email","time":{"start":1750151645270,"stop":1750151645510,"duration":240},"status":"passed","steps":[],"attachments":[],"parameters":[],"stepsCount":0,"attachmentStep":false,"shouldDisplayMessage":false,"attachmentsCount":0,"hasContent":false},{"name":"Entering the NewPassword","time":{"start":1750151645510,"stop":1750151645615,"duration":105},"status":"passed","steps":[],"attachments":[],"parameters":[],"stepsCount":0,"attachmentStep":false,"shouldDisplayMessage":false,"attachmentsCount":0,"hasContent":false},{"name":"Entering the password in Confirm Password field","time":{"start":1750151645615,"stop":1750151645761,"duration":146},"status":"passed","steps":[],"attachments":[],"parameters":[],"stepsCount":0,"attachmentStep":false,"shouldDisplayMessage":false,"attachmentsCount":0,"hasContent":false},{"name":"Validating 'Passwords do not match' error is shown","time":{"start":1750151645761,"stop":1750151655951,"duration":10190},"status":"failed","statusMessage":"Failed: Element not found within the wait time\n","statusTrace":"  File \"C:\\Users\\sagar\\PycharmProjects\\TestingProject\\Xeed_Login_Page\\Test_TC014.py\", line 60, in test_suite\n    pytest.fail(\"Element not found within the wait time\")\n    ~~~~~~~~~~~^^^^^^^^^^^^^^^^^^^^^^^^^^^^^^^^^^^^^^^^^^\n  File \"C:\\Users\\sagar\\PycharmProjects\\TestingProject\\venv\\Lib\\site-packages\\_pytest\\outcomes.py\", line 178, in fail\n    raise Failed(msg=reason, pytrace=pytrace)\n","steps":[],"attachments":[{"uid":"8462584e74cd95e6","name":"TimeoutException","source":"8462584e74cd95e6.txt","type":"text/plain","size":951}],"parameters":[],"stepsCount":0,"attachmentStep":false,"shouldDisplayMessage":true,"attachmentsCount":1,"hasContent":true}],"attachments":[],"parameters":[],"stepsCount":6,"attachmentStep":false,"shouldDisplayMessage":true,"attachmentsCount":1,"hasContent":true},"afterStages":[{"name":"setup::0","time":{"start":1750151655958,"stop":1750151658180,"duration":2222},"status":"passed","steps":[],"attachments":[],"parameters":[],"stepsCount":0,"attachmentStep":false,"shouldDisplayMessage":false,"attachmentsCount":0,"hasContent":false}],"labels":[{"name":"feature","value":"XEED_Ventures_Login_Page"},{"name":"parentSuite","value":"Xeed_Login_Page"},{"name":"suite","value":"Test_TC014"},{"name":"host","value":"DESKTOP-0Q1NQ4H"},{"name":"thread","value":"12016-MainThread"},{"name":"framework","value":"pytest"},{"name":"language","value":"cpython3"},{"name":"package","value":"Xeed_Login_Page.Test_TC014"},{"name":"resultFormat","value":"allure2"}],"parameters":[{"name":"setup","value":"'edge'"}],"links":[],"hidden":false,"retry":false,"extra":{"severity":"normal","retries":[{"uid":"81428d8ff6495fae","status":"broken","statusDetails":"selenium.common.exceptions.TimeoutException: Message: \nStacktrace:\n\tGetHandleVerifier [0x0x7ff6d59c3865+25605]\n\t(No symbol) [0x0x7ff6d5913970]\n\tMicrosoft::Applications::Events::EventProperty::to_string [0x0x7ff6d5c46e7a+1962506]\n\t(No symbol) [0x0x7ff6d57286c4]\n\t(No symbol) [0x0x7ff6d572898b]\n\t(No symbol) [0x0x7ff6d5769af7]\n\t(No symbol) [0x0x7ff6d5749e8f]\n\t(No symbol) [0x0x7ff6d571ea5d]\n\t(No symbol) [0x0x7ff6d57675df]\n\t(No symbol) [0x0x7ff6d5749bb3]\n\t(No symbol) [0x0x7ff6d571df56]\n\t(No symbol) [0x0x7ff6d571d463]\n\t(No symbol) [0x0x7ff6d571dd83]\n\t(No symbol) [0x0x7ff6d581e10d]\n\t(No symbol) [0x0x7ff6d582dce8]\n\tMicrosoft::Applications::Events::EventProperty::to_string [0x0x7ff6d5aa8839+265161]\n\tMicrosoft::Applications::Events::EventProperty::to_string [0x0x7ff6d5ab0111+296097]\n\t(No symbol) [0x0x7ff6d5922111]\n\t(No symbol) [0x0x7ff6d591a5b4]\n\t(No symbol) [0x0x7ff6d591a703]\n\t(No symbol) [0x0x7ff6d590b8d6]\n\tBaseThreadInitThunk [0x0x7ff920ece8d7+23]\n\tRtlUserThreadStart [0x0x7ff92209c34c+44]","time":{"start":1750151156047,"stop":1750151168783,"duration":12736}},{"uid":"8edac1c700d7a23f","status":"broken","statusDetails":"selenium.common.exceptions.TimeoutException: Message: \nStacktrace:\n\tGetHandleVerifier [0x0x7ff7daac3865+25605]\n\t(No symbol) [0x0x7ff7daa13970]\n\tMicrosoft::Applications::Events::EventProperty::to_string [0x0x7ff7dad46e7a+1962506]\n\t(No symbol) [0x0x7ff7da8286c4]\n\t(No symbol) [0x0x7ff7da82898b]\n\t(No symbol) [0x0x7ff7da869af7]\n\t(No symbol) [0x0x7ff7da849e8f]\n\t(No symbol) [0x0x7ff7da81ea5d]\n\t(No symbol) [0x0x7ff7da8675df]\n\t(No symbol) [0x0x7ff7da849bb3]\n\t(No symbol) [0x0x7ff7da81df56]\n\t(No symbol) [0x0x7ff7da81d463]\n\t(No symbol) [0x0x7ff7da81dd83]\n\t(No symbol) [0x0x7ff7da91e10d]\n\t(No symbol) [0x0x7ff7da92dce8]\n\tMicrosoft::Applications::Events::EventProperty::to_string [0x0x7ff7daba8839+265161]\n\tMicrosoft::Applications::Events::EventProperty::to_string [0x0x7ff7dabb0111+296097]\n\t(No symbol) [0x0x7ff7daa22111]\n\t(No symbol) [0x0x7ff7daa1a5b4]\n\t(No symbol) [0x0x7ff7daa1a703]\n\t(No symbol) [0x0x7ff7daa0b8d6]\n\tBaseThreadInitThunk [0x0x7ff920ece8d7+23]\n\tRtlUserThreadStart [0x0x7ff92209c34c+44]","time":{"start":1750146666307,"stop":1750146678664,"duration":12357}}],"categories":[{"name":"Product defects","matchedStatuses":[],"flaky":false}],"tags":[]},"source":"d4f5e5151ad6357e.json","parameterValues":["'edge'"]}